This file contains any messages produced by compilers while
running configure, to aid debugging if configure makes a mistake.

It was created by gedit-confluence configure 0.1.1, which was
generated by GNU Autoconf 2.67.  Invocation command line was

  $ ./configure --enable-maintainer-mode

## --------- ##
## Platform. ##
## --------- ##

hostname = NRG-NB-016
uname -m = i686
uname -r = 2.6.38-8-generic-pae
uname -s = Linux
uname -v = #42-Ubuntu SMP Mon Apr 11 05:17:09 UTC 2011

/usr/bin/uname -p = unknown
/bin/uname -X     = unknown

/bin/arch              = unknown
/usr/bin/arch -k       = unknown
/usr/convex/getsysinfo = unknown
/usr/bin/hostinfo      = unknown
/bin/machine           = unknown
/usr/bin/oslevel       = unknown
/bin/universe          = unknown

PATH: /home/kersten/bin
PATH: /usr/local/bin
PATH: /usr/bin
PATH: /bin


## ----------- ##
## Core tests. ##
## ----------- ##

configure:2430: checking for gedit
configure:2448: found /usr/bin/gedit
configure:2460: result: /usr/bin/gedit
configure:2535: checking for a BSD-compatible install
configure:2603: result: /usr/bin/install -c
configure:2614: checking whether build environment is sane
configure:2664: result: yes
configure:2805: checking for a thread-safe mkdir -p
configure:2844: result: /bin/mkdir -p
configure:2857: checking for gawk
configure:2873: found /usr/bin/gawk
configure:2884: result: gawk
configure:2895: checking whether make sets $(MAKE)
configure:2917: result: yes
configure:2998: checking whether to disable maintainer-specific portions of Makefiles
configure:3007: result: yes
configure:3083: checking for gcc
configure:3099: found /usr/bin/gcc
configure:3110: result: gcc
configure:3339: checking for C compiler version
configure:3348: gcc --version >&5
gcc (Ubuntu/Linaro 4.5.2-8ubuntu4) 4.5.2
Copyright (C) 2010 Free Software Foundation, Inc.
This is free software; see the source for copying conditions.  There is NO
warranty; not even for MERCHANTABILITY or FITNESS FOR A PARTICULAR PURPOSE.

configure:3359: $? = 0
configure:3348: gcc -v >&5
Using built-in specs.
COLLECT_GCC=gcc
COLLECT_LTO_WRAPPER=/usr/lib/i386-linux-gnu/gcc/i686-linux-gnu/4.5.2/lto-wrapper
Target: i686-linux-gnu
Configured with: ../src/configure -v --with-pkgversion='Ubuntu/Linaro 4.5.2-8ubuntu4' --with-bugurl=file:///usr/share/doc/gcc-4.5/README.Bugs --enable-languages=c,c++,fortran,objc,obj-c++ --prefix=/usr --program-suffix=-4.5 --enable-shared --enable-multiarch --with-multiarch-defaults=i386-linux-gnu --enable-linker-build-id --with-system-zlib --libexecdir=/usr/lib/i386-linux-gnu --without-included-gettext --enable-threads=posix --with-gxx-include-dir=/usr/include/c++/4.5 --libdir=/usr/lib/i386-linux-gnu --enable-nls --with-sysroot=/ --enable-clocale=gnu --enable-libstdcxx-debug --enable-libstdcxx-time=yes --enable-plugin --enable-gold --enable-ld=default --with-plugin-ld=ld.gold --enable-objc-gc --enable-targets=all --disable-werror --with-arch-32=i686 --with-tune=generic --enable-checking=release --build=i686-linux-gnu --host=i686-linux-gnu --target=i686-linux-gnu
Thread model: posix
gcc version 4.5.2 (Ubuntu/Linaro 4.5.2-8ubuntu4) 
configure:3359: $? = 0
configure:3348: gcc -V >&5
gcc: '-V' option must have argument
configure:3359: $? = 1
configure:3348: gcc -qversion >&5
gcc: unrecognized option '-qversion'
gcc: no input files
configure:3359: $? = 1
configure:3379: checking whether the C compiler works
configure:3401: gcc    conftest.c  >&5
configure:3405: $? = 0
configure:3453: result: yes
configure:3456: checking for C compiler default output file name
configure:3458: result: a.out
configure:3464: checking for suffix of executables
configure:3471: gcc -o conftest    conftest.c  >&5
configure:3475: $? = 0
configure:3497: result: 
configure:3519: checking whether we are cross compiling
configure:3527: gcc -o conftest    conftest.c  >&5
configure:3531: $? = 0
configure:3538: ./conftest
configure:3542: $? = 0
configure:3557: result: no
configure:3562: checking for suffix of object files
configure:3584: gcc -c   conftest.c >&5
configure:3588: $? = 0
configure:3609: result: o
configure:3613: checking whether we are using the GNU C compiler
configure:3632: gcc -c   conftest.c >&5
configure:3632: $? = 0
configure:3641: result: yes
configure:3650: checking whether gcc accepts -g
configure:3670: gcc -c -g  conftest.c >&5
configure:3670: $? = 0
configure:3711: result: yes
configure:3728: checking for gcc option to accept ISO C89
configure:3792: gcc  -c -g -O2  conftest.c >&5
configure:3792: $? = 0
configure:3805: result: none needed
configure:3836: checking for style of include used by make
configure:3864: result: GNU
configure:3889: checking dependency style of gcc
configure:3999: result: none
configure:4015: checking whether make sets $(MAKE)
configure:4037: result: yes
configure:4054: checking for special C compiler options needed for large files
configure:4099: result: no
configure:4105: checking for _FILE_OFFSET_BITS value needed for large files
configure:4130: gcc -c -g -O2  conftest.c >&5
conftest.c:17:3: warning: left shift count >= width of type
conftest.c:17:3: warning: left shift count >= width of type
conftest.c:18:10: warning: left shift count >= width of type
conftest.c:18:10: warning: left shift count >= width of type
conftest.c:17:7: error: size of array 'off_t_is_large' is negative
conftest.c:19:9: warning: variably modified 'off_t_is_large' at file scope
configure:4130: $? = 1
configure: failed program was:
| /* confdefs.h */
| #define PACKAGE_NAME "gedit-confluence"
| #define PACKAGE_TARNAME "gedit-confluence"
| #define PACKAGE_VERSION "0.1.1"
| #define PACKAGE_STRING "gedit-confluence 0.1.1"
| #define PACKAGE_BUGREPORT "kerstenk@gmail.com"
| #define PACKAGE_URL ""
| #define PACKAGE "gedit-confluence"
| #define VERSION "0.1.1"
| /* end confdefs.h.  */
| #include <sys/types.h>
|  /* Check that off_t can represent 2**63 - 1 correctly.
|     We can't simply define LARGE_OFF_T to be 9223372036854775807,
|     since some C++ compilers masquerading as C compilers
|     incorrectly reject 9223372036854775807.  */
| #define LARGE_OFF_T (((off_t) 1 << 62) - 1 + ((off_t) 1 << 62))
|   int off_t_is_large[(LARGE_OFF_T % 2147483629 == 721
| 		       && LARGE_OFF_T % 2147483647 == 1)
| 		      ? 1 : -1];
| int
| main ()
| {
| 
|   ;
|   return 0;
| }
configure:4154: gcc -c -g -O2  conftest.c >&5
configure:4154: $? = 0
configure:4162: result: 64
configure:4298: checking for pkg-config
configure:4316: found /usr/bin/pkg-config
configure:4328: result: /usr/bin/pkg-config
configure:4353: checking pkg-config is at least version 0.9.0
configure:4356: result: yes
configure:4419: checking for gcc
configure:4435: found /usr/bin/gcc
configure:4446: result: gcc
configure:4471: checking for Objective C compiler version
configure:4480: gcc --version >&5
gcc (Ubuntu/Linaro 4.5.2-8ubuntu4) 4.5.2
Copyright (C) 2010 Free Software Foundation, Inc.
This is free software; see the source for copying conditions.  There is NO
warranty; not even for MERCHANTABILITY or FITNESS FOR A PARTICULAR PURPOSE.

configure:4491: $? = 0
configure:4480: gcc -v >&5
Using built-in specs.
COLLECT_GCC=gcc
COLLECT_LTO_WRAPPER=/usr/lib/i386-linux-gnu/gcc/i686-linux-gnu/4.5.2/lto-wrapper
Target: i686-linux-gnu
Configured with: ../src/configure -v --with-pkgversion='Ubuntu/Linaro 4.5.2-8ubuntu4' --with-bugurl=file:///usr/share/doc/gcc-4.5/README.Bugs --enable-languages=c,c++,fortran,objc,obj-c++ --prefix=/usr --program-suffix=-4.5 --enable-shared --enable-multiarch --with-multiarch-defaults=i386-linux-gnu --enable-linker-build-id --with-system-zlib --libexecdir=/usr/lib/i386-linux-gnu --without-included-gettext --enable-threads=posix --with-gxx-include-dir=/usr/include/c++/4.5 --libdir=/usr/lib/i386-linux-gnu --enable-nls --with-sysroot=/ --enable-clocale=gnu --enable-libstdcxx-debug --enable-libstdcxx-time=yes --enable-plugin --enable-gold --enable-ld=default --with-plugin-ld=ld.gold --enable-objc-gc --enable-targets=all --disable-werror --with-arch-32=i686 --with-tune=generic --enable-checking=release --build=i686-linux-gnu --host=i686-linux-gnu --target=i686-linux-gnu
Thread model: posix
gcc version 4.5.2 (Ubuntu/Linaro 4.5.2-8ubuntu4) 
configure:4491: $? = 0
configure:4480: gcc -V >&5
gcc: '-V' option must have argument
configure:4491: $? = 1
configure:4480: gcc -qversion >&5
gcc: unrecognized option '-qversion'
gcc: no input files
configure:4491: $? = 1
configure:4495: checking whether we are using the GNU Objective C compiler
configure:4514: gcc -c   conftest.m >&5
gcc: error trying to exec 'cc1obj': execvp: No such file or directory
configure:4514: $? = 1
configure: failed program was:
| /* confdefs.h */
| #define PACKAGE_NAME "gedit-confluence"
| #define PACKAGE_TARNAME "gedit-confluence"
| #define PACKAGE_VERSION "0.1.1"
| #define PACKAGE_STRING "gedit-confluence 0.1.1"
| #define PACKAGE_BUGREPORT "kerstenk@gmail.com"
| #define PACKAGE_URL ""
| #define PACKAGE "gedit-confluence"
| #define VERSION "0.1.1"
| #define _FILE_OFFSET_BITS 64
| /* end confdefs.h.  */
| 
| int
| main ()
| {
| #ifndef __GNUC__
|        choke me
| #endif
| 
|   ;
|   return 0;
| }
configure:4523: result: no
configure:4532: checking whether gcc accepts -g
configure:4552: gcc -c -g  conftest.m >&5
gcc: error trying to exec 'cc1obj': execvp: No such file or directory
configure:4552: $? = 1
configure: failed program was:
| /* confdefs.h */
| #define PACKAGE_NAME "gedit-confluence"
| #define PACKAGE_TARNAME "gedit-confluence"
| #define PACKAGE_VERSION "0.1.1"
| #define PACKAGE_STRING "gedit-confluence 0.1.1"
| #define PACKAGE_BUGREPORT "kerstenk@gmail.com"
| #define PACKAGE_URL ""
| #define PACKAGE "gedit-confluence"
| #define VERSION "0.1.1"
| #define _FILE_OFFSET_BITS 64
| /* end confdefs.h.  */
| 
| int
| main ()
| {
| 
|   ;
|   return 0;
| }
configure:4567: gcc -c   conftest.m >&5
gcc: error trying to exec 'cc1obj': execvp: No such file or directory
configure:4567: $? = 1
configure: failed program was:
| /* confdefs.h */
| #define PACKAGE_NAME "gedit-confluence"
| #define PACKAGE_TARNAME "gedit-confluence"
| #define PACKAGE_VERSION "0.1.1"
| #define PACKAGE_STRING "gedit-confluence 0.1.1"
| #define PACKAGE_BUGREPORT "kerstenk@gmail.com"
| #define PACKAGE_URL ""
| #define PACKAGE "gedit-confluence"
| #define VERSION "0.1.1"
| #define _FILE_OFFSET_BITS 64
| /* end confdefs.h.  */
| 
| int
| main ()
| {
| 
|   ;
|   return 0;
| }
configure:4583: gcc -c -g  conftest.m >&5
gcc: error trying to exec 'cc1obj': execvp: No such file or directory
configure:4583: $? = 1
configure: failed program was:
| /* confdefs.h */
| #define PACKAGE_NAME "gedit-confluence"
| #define PACKAGE_TARNAME "gedit-confluence"
| #define PACKAGE_VERSION "0.1.1"
| #define PACKAGE_STRING "gedit-confluence 0.1.1"
| #define PACKAGE_BUGREPORT "kerstenk@gmail.com"
| #define PACKAGE_URL ""
| #define PACKAGE "gedit-confluence"
| #define VERSION "0.1.1"
| #define _FILE_OFFSET_BITS 64
| /* end confdefs.h.  */
| 
| int
| main ()
| {
| 
|   ;
|   return 0;
| }
configure:4593: result: no
configure:4618: checking dependency style of gcc
configure:4726: result: none
configure:4752: checking for python
configure:4770: found /usr/bin/python
configure:4782: result: /usr/bin/python
configure:4803: checking for python version
configure:4810: result: 2.7
configure:4822: checking for python platform
configure:4829: result: linux2
configure:4836: checking for python script directory
configure:4865: result: ${prefix}/lib/python2.7/dist-packages
configure:4874: checking for python extension module directory
configure:4903: result: ${exec_prefix}/lib/python2.7/dist-packages
configure:4948: checking build system type
configure:4962: result: i686-pc-linux-gnu
configure:4982: checking host system type
configure:4995: result: i686-pc-linux-gnu
configure:5015: checking for a sed that does not truncate output
configure:5079: result: /bin/sed
configure:5097: checking for grep that handles long lines and -e
configure:5155: result: /bin/grep
configure:5160: checking for egrep
configure:5222: result: /bin/grep -E
configure:5227: checking for fgrep
configure:5289: result: /bin/grep -F
configure:5324: checking for ld used by gcc
configure:5391: result: /usr/bin/ld
configure:5398: checking if the linker (/usr/bin/ld) is GNU ld
configure:5413: result: yes
configure:5425: checking for BSD- or MS-compatible name lister (nm)
configure:5474: result: /usr/bin/nm -B
configure:5592: checking the name lister (/usr/bin/nm -B) interface
configure:5599: gcc -c -g -O2  conftest.c >&5
configure:5602: /usr/bin/nm -B "conftest.o"
configure:5605: output
00000000 B some_variable
configure:5612: result: BSD nm
configure:5615: checking whether ln -s works
configure:5619: result: yes
configure:5627: checking the maximum length of command line arguments
configure:5747: result: 1572864
configure:5764: checking whether the shell understands some XSI constructs
configure:5774: result: yes
configure:5778: checking whether the shell understands "+="
configure:5784: result: yes
configure:5819: checking for /usr/bin/ld option to reload object files
configure:5826: result: -r
configure:5895: checking for objdump
configure:5911: found /usr/bin/objdump
configure:5922: result: objdump
configure:5954: checking how to recognize dependent libraries
configure:6150: result: pass_all
configure:6210: checking for ar
configure:6226: found /usr/bin/ar
configure:6237: result: ar
configure:6315: checking for strip
configure:6331: found /usr/bin/strip
configure:6342: result: strip
configure:6414: checking for ranlib
configure:6430: found /usr/bin/ranlib
configure:6441: result: ranlib
configure:6531: checking command to parse /usr/bin/nm -B output from gcc object
configure:6649: gcc -c -g -O2  conftest.c >&5
configure:6652: $? = 0
configure:6656: /usr/bin/nm -B conftest.o \| sed -n -e 's/^.*[	 ]\([ABCDGIRSTW][ABCDGIRSTW]*\)[	 ][	 ]*\([_A-Za-z][_A-Za-z0-9]*\)$/\1 \2 \2/p' \> conftest.nm
configure:6659: $? = 0
configure:6713: gcc -o conftest -g -O2   conftest.c conftstm.o >&5
configure:6716: $? = 0
configure:6754: result: ok
configure:7562: checking how to run the C preprocessor
configure:7593: gcc -E  conftest.c
configure:7593: $? = 0
configure:7607: gcc -E  conftest.c
conftest.c:12:28: fatal error: ac_nonexistent.h: No such file or directory
compilation terminated.
configure:7607: $? = 1
configure: failed program was:
| /* confdefs.h */
| #define PACKAGE_NAME "gedit-confluence"
| #define PACKAGE_TARNAME "gedit-confluence"
| #define PACKAGE_VERSION "0.1.1"
| #define PACKAGE_STRING "gedit-confluence 0.1.1"
| #define PACKAGE_BUGREPORT "kerstenk@gmail.com"
| #define PACKAGE_URL ""
| #define PACKAGE "gedit-confluence"
| #define VERSION "0.1.1"
| #define _FILE_OFFSET_BITS 64
| /* end confdefs.h.  */
| #include <ac_nonexistent.h>
configure:7632: result: gcc -E
configure:7652: gcc -E  conftest.c
configure:7652: $? = 0
configure:7666: gcc -E  conftest.c
conftest.c:12:28: fatal error: ac_nonexistent.h: No such file or directory
compilation terminated.
configure:7666: $? = 1
configure: failed program was:
| /* confdefs.h */
| #define PACKAGE_NAME "gedit-confluence"
| #define PACKAGE_TARNAME "gedit-confluence"
| #define PACKAGE_VERSION "0.1.1"
| #define PACKAGE_STRING "gedit-confluence 0.1.1"
| #define PACKAGE_BUGREPORT "kerstenk@gmail.com"
| #define PACKAGE_URL ""
| #define PACKAGE "gedit-confluence"
| #define VERSION "0.1.1"
| #define _FILE_OFFSET_BITS 64
| /* end confdefs.h.  */
| #include <ac_nonexistent.h>
configure:7695: checking for ANSI C header files
configure:7715: gcc -c -g -O2  conftest.c >&5
configure:7715: $? = 0
configure:7788: gcc -o conftest -g -O2   conftest.c  >&5
configure:7788: $? = 0
configure:7788: ./conftest
configure:7788: $? = 0
configure:7799: result: yes
configure:7812: checking for sys/types.h
configure:7812: gcc -c -g -O2  conftest.c >&5
configure:7812: $? = 0
configure:7812: result: yes
configure:7812: checking for sys/stat.h
configure:7812: gcc -c -g -O2  conftest.c >&5
configure:7812: $? = 0
configure:7812: result: yes
configure:7812: checking for stdlib.h
configure:7812: gcc -c -g -O2  conftest.c >&5
configure:7812: $? = 0
configure:7812: result: yes
configure:7812: checking for string.h
configure:7812: gcc -c -g -O2  conftest.c >&5
configure:7812: $? = 0
configure:7812: result: yes
configure:7812: checking for memory.h
configure:7812: gcc -c -g -O2  conftest.c >&5
configure:7812: $? = 0
configure:7812: result: yes
configure:7812: checking for strings.h
configure:7812: gcc -c -g -O2  conftest.c >&5
configure:7812: $? = 0
configure:7812: result: yes
configure:7812: checking for inttypes.h
configure:7812: gcc -c -g -O2  conftest.c >&5
configure:7812: $? = 0
configure:7812: result: yes
configure:7812: checking for stdint.h
configure:7812: gcc -c -g -O2  conftest.c >&5
configure:7812: $? = 0
configure:7812: result: yes
configure:7812: checking for unistd.h
configure:7812: gcc -c -g -O2  conftest.c >&5
configure:7812: $? = 0
configure:7812: result: yes
configure:7826: checking for dlfcn.h
configure:7826: gcc -c -g -O2  conftest.c >&5
configure:7826: $? = 0
configure:7826: result: yes
configure:8009: checking for objdir
configure:8024: result: .libs
configure:8320: checking if gcc supports -fno-rtti -fno-exceptions
configure:8338: gcc -c -g -O2  -fno-rtti -fno-exceptions conftest.c >&5
cc1: warning: command line option "-fno-rtti" is valid for C++/ObjC++ but not for C
configure:8342: $? = 0
configure:8355: result: no
configure:8375: checking for gcc option to produce PIC
configure:8647: result: -fPIC -DPIC
configure:8659: checking if gcc PIC flag -fPIC -DPIC works
configure:8677: gcc -c -g -O2  -fPIC -DPIC -DPIC conftest.c >&5
configure:8681: $? = 0
configure:8694: result: yes
configure:8718: checking if gcc static flag -static works
configure:8746: result: yes
configure:8761: checking if gcc supports -c -o file.o
configure:8782: gcc -c -g -O2  -o out/conftest2.o conftest.c >&5
configure:8786: $? = 0
configure:8808: result: yes
configure:8816: checking if gcc supports -c -o file.o
configure:8863: result: yes
configure:8896: checking whether the gcc linker (/usr/bin/ld) supports shared libraries
configure:9887: result: yes
configure:9924: checking whether -lc should be explicitly linked in
configure:9929: gcc -c -g -O2  conftest.c >&5
configure:9932: $? = 0
configure:9947: gcc -shared conftest.o  -v -Wl,-soname -Wl,conftest -o conftest 2\>\&1 \| /bin/grep  -lc  \>/dev/null 2\>\&1
configure:9950: $? = 0
configure:9962: result: no
configure:10126: checking dynamic linker characteristics
configure:10559: gcc -o conftest -g -O2   -Wl,-rpath -Wl,/foo conftest.c  >&5
configure:10559: $? = 0
configure:10789: result: GNU/Linux ld.so
configure:10891: checking how to hardcode library paths into programs
configure:10916: result: immediate
configure:11436: checking whether stripping libraries is possible
configure:11441: result: yes
configure:11476: checking if libtool supports shared libraries
configure:11478: result: yes
configure:11481: checking whether to build shared libraries
configure:11502: result: yes
configure:11505: checking whether to build static libraries
configure:11509: result: no
configure:11549: checking for gtkdoc-check
configure:11567: found /usr/bin/gtkdoc-check
configure:11579: result: /usr/bin/gtkdoc-check
configure:11591: checking for gtkdoc-rebase
configure:11609: found /usr/bin/gtkdoc-rebase
configure:11621: result: /usr/bin/gtkdoc-rebase
configure:11635: checking for gtkdoc-mkpdf
configure:11653: found /usr/bin/gtkdoc-mkpdf
configure:11665: result: /usr/bin/gtkdoc-mkpdf
configure:11706: checking whether to build gtk-doc documentation
configure:11708: result: no
configure:11773: checking for sigaction
configure:11773: gcc -o conftest -g -O2   conftest.c  >&5
configure:11773: $? = 0
configure:11773: result: yes
configure:11778: checking for floor in -lm
configure:11803: gcc -o conftest -g -O2   conftest.c -lm   >&5
conftest.c:31:6: warning: conflicting types for built-in function 'floor'
configure:11803: $? = 0
configure:11812: result: yes
configure:11827: checking for some Win32 platform
configure:11837: result: no
configure:11852: checking whether NLS is requested
configure:11861: result: yes
configure:11876: checking for intltool >= 0.40.0
configure:11883: result: 0.41.1 found
configure:11891: checking for intltool-update
configure:11909: found /usr/bin/intltool-update
configure:11921: result: /usr/bin/intltool-update
configure:11931: checking for intltool-merge
configure:11949: found /usr/bin/intltool-merge
configure:11961: result: /usr/bin/intltool-merge
configure:11971: checking for intltool-extract
configure:11989: found /usr/bin/intltool-extract
configure:12001: result: /usr/bin/intltool-extract
configure:12132: checking for xgettext
configure:12150: found /usr/bin/xgettext
configure:12162: result: /usr/bin/xgettext
configure:12172: checking for msgmerge
configure:12190: found /usr/bin/msgmerge
configure:12202: result: /usr/bin/msgmerge
configure:12212: checking for msgfmt
configure:12230: found /usr/bin/msgfmt
configure:12242: result: /usr/bin/msgfmt
configure:12252: checking for gmsgfmt
configure:12283: result: /usr/bin/msgfmt
configure:12303: checking for perl
configure:12321: found /usr/bin/perl
configure:12333: result: /usr/bin/perl
configure:12344: checking for perl >= 5.8.1
configure:12351: result: 5.10.1
configure:12355: checking for XML::Parser
configure:12358: result: ok
configure:12383: gcc -o conftest -g -O2   conftest.c -lm  >&5
configure:12383: $? = 0
configure:12448: checking for msgfmt
configure:12480: result: /usr/bin/msgfmt
configure:12489: checking for gmsgfmt
configure:12520: result: /usr/bin/msgfmt
configure:12571: checking for xgettext
configure:12603: result: /usr/bin/xgettext
configure:12649: checking for msgmerge
configure:12680: result: /usr/bin/msgmerge
configure:12737: checking for ld used by GCC
configure:12801: result: /usr/bin/ld
configure:12808: checking if the linker (/usr/bin/ld) is GNU ld
configure:12821: result: yes
configure:12828: checking for shared library run path origin
configure:12841: result: done
configure:13342: checking for CFPreferencesCopyAppValue
configure:13360: gcc -o conftest -g -O2   conftest.c -lm  -Wl,-framework -Wl,CoreFoundation >&5
conftest.c:25:42: fatal error: CoreFoundation/CFPreferences.h: No such file or directory
compilation terminated.
configure:13360: $? = 1
configure: failed program was:
| /* confdefs.h */
| #define PACKAGE_NAME "gedit-confluence"
| #define PACKAGE_TARNAME "gedit-confluence"
| #define PACKAGE_VERSION "0.1.1"
| #define PACKAGE_STRING "gedit-confluence 0.1.1"
| #define PACKAGE_BUGREPORT "kerstenk@gmail.com"
| #define PACKAGE_URL ""
| #define PACKAGE "gedit-confluence"
| #define VERSION "0.1.1"
| #define _FILE_OFFSET_BITS 64
| #define STDC_HEADERS 1
| #define HAVE_SYS_TYPES_H 1
| #define HAVE_SYS_STAT_H 1
| #define HAVE_STDLIB_H 1
| #define HAVE_STRING_H 1
| #define HAVE_MEMORY_H 1
| #define HAVE_STRINGS_H 1
| #define HAVE_INTTYPES_H 1
| #define HAVE_STDINT_H 1
| #define HAVE_UNISTD_H 1
| #define HAVE_DLFCN_H 1
| #define LT_OBJDIR ".libs/"
| #define HAVE_LIBM 1
| /* end confdefs.h.  */
| #include <CoreFoundation/CFPreferences.h>
| int
| main ()
| {
| CFPreferencesCopyAppValue(NULL, NULL)
|   ;
|   return 0;
| }
configure:13369: result: no
configure:13376: checking for CFLocaleCopyCurrent
configure:13394: gcc -o conftest -g -O2   conftest.c -lm  -Wl,-framework -Wl,CoreFoundation >&5
conftest.c:25:37: fatal error: CoreFoundation/CFLocale.h: No such file or directory
compilation terminated.
configure:13394: $? = 1
configure: failed program was:
| /* confdefs.h */
| #define PACKAGE_NAME "gedit-confluence"
| #define PACKAGE_TARNAME "gedit-confluence"
| #define PACKAGE_VERSION "0.1.1"
| #define PACKAGE_STRING "gedit-confluence 0.1.1"
| #define PACKAGE_BUGREPORT "kerstenk@gmail.com"
| #define PACKAGE_URL ""
| #define PACKAGE "gedit-confluence"
| #define VERSION "0.1.1"
| #define _FILE_OFFSET_BITS 64
| #define STDC_HEADERS 1
| #define HAVE_SYS_TYPES_H 1
| #define HAVE_SYS_STAT_H 1
| #define HAVE_STDLIB_H 1
| #define HAVE_STRING_H 1
| #define HAVE_MEMORY_H 1
| #define HAVE_STRINGS_H 1
| #define HAVE_INTTYPES_H 1
| #define HAVE_STDINT_H 1
| #define HAVE_UNISTD_H 1
| #define HAVE_DLFCN_H 1
| #define LT_OBJDIR ".libs/"
| #define HAVE_LIBM 1
| /* end confdefs.h.  */
| #include <CoreFoundation/CFLocale.h>
| int
| main ()
| {
| CFLocaleCopyCurrent();
|   ;
|   return 0;
| }
configure:13403: result: no
configure:13452: checking for GNU gettext in libc
configure:13472: gcc -o conftest -g -O2   conftest.c -lm  >&5
configure:13472: $? = 0
configure:13481: result: yes
configure:14227: checking whether to use NLS
configure:14229: result: yes
configure:14232: checking where the gettext function comes from
configure:14243: result: libc
configure:14315: checking for GEDIT
configure:14330: $PKG_CONFIG --exists --print-errors "
	glib-2.0 >= 2.26.0
	gio-2.0 >= 2.26.0
	gtk+-3.0 >= 3.0.0
	gtksourceview-3.0 >= 3.0.0
	libpeas-1.0 >= 0.7.3
	libpeas-gtk-1.0 >= 0.7.3
	gedit >= 3.0.0
"
configure:14341: $? = 0
configure:14370: $PKG_CONFIG --exists --print-errors "
	glib-2.0 >= 2.26.0
	gio-2.0 >= 2.26.0
	gtk+-3.0 >= 3.0.0
	gtksourceview-3.0 >= 3.0.0
	libpeas-1.0 >= 0.7.3
	libpeas-gtk-1.0 >= 0.7.3
	gedit >= 3.0.0
"
configure:14381: $? = 0
configure:14470: result: yes
configure:14541: checking for pkg-config
configure:14571: result: /usr/bin/pkg-config
configure:14596: checking pkg-config is at least version 0.16
configure:14599: result: yes
configure:14874: creating ./config.status

## ---------------------- ##
## Running config.status. ##
## ---------------------- ##

This file was extended by gedit-confluence config.status 0.1.1, which was
generated by GNU Autoconf 2.67.  Invocation command line was

  CONFIG_FILES    = 
  CONFIG_HEADERS  = 
  CONFIG_LINKS    = 
  CONFIG_COMMANDS = 
  $ ./config.status 

on NRG-NB-016

config.status:1244: creating Makefile
config.status:1244: creating src/Makefile
config.status:1244: creating src/confluence/Makefile
config.status:1244: creating src/org.gnome.gedit.plugins.confluence.gschema.xml.in
config.status:1244: creating po/Makefile.in
config.status:1244: creating config.h
config.status:1424: config.h is unchanged
config.status:1472: executing depfiles commands
config.status:1472: executing libtool commands
config.status:1472: executing po-directories commands
config.status:1472: executing po/stamp-it commands

## ---------------- ##
## Cache variables. ##
## ---------------- ##

ac_cv_build=i686-pc-linux-gnu
ac_cv_c_compiler_gnu=yes
ac_cv_env_CC_set=
ac_cv_env_CC_value=
ac_cv_env_CFLAGS_set=
ac_cv_env_CFLAGS_value=
ac_cv_env_CPPFLAGS_set=
ac_cv_env_CPPFLAGS_value=
ac_cv_env_CPP_set=
ac_cv_env_CPP_value=
ac_cv_env_GEDIT_CFLAGS_set=
ac_cv_env_GEDIT_CFLAGS_value=
ac_cv_env_GEDIT_LIBS_set=
ac_cv_env_GEDIT_LIBS_value=
ac_cv_env_LDFLAGS_set=
ac_cv_env_LDFLAGS_value=
ac_cv_env_LIBS_set=
ac_cv_env_LIBS_value=
ac_cv_env_OBJCFLAGS_set=
ac_cv_env_OBJCFLAGS_value=
ac_cv_env_OBJC_set=
ac_cv_env_OBJC_value=
ac_cv_env_PKG_CONFIG_LIBDIR_set=
ac_cv_env_PKG_CONFIG_LIBDIR_value=
ac_cv_env_PKG_CONFIG_PATH_set=
ac_cv_env_PKG_CONFIG_PATH_value=
ac_cv_env_PKG_CONFIG_set=
ac_cv_env_PKG_CONFIG_value=
ac_cv_env_build_alias_set=
ac_cv_env_build_alias_value=
ac_cv_env_host_alias_set=
ac_cv_env_host_alias_value=
ac_cv_env_target_alias_set=
ac_cv_env_target_alias_value=
ac_cv_func_sigaction=yes
ac_cv_header_dlfcn_h=yes
ac_cv_header_inttypes_h=yes
ac_cv_header_memory_h=yes
ac_cv_header_stdc=yes
ac_cv_header_stdint_h=yes
ac_cv_header_stdlib_h=yes
ac_cv_header_string_h=yes
ac_cv_header_strings_h=yes
ac_cv_header_sys_stat_h=yes
ac_cv_header_sys_types_h=yes
ac_cv_header_unistd_h=yes
ac_cv_host=i686-pc-linux-gnu
ac_cv_lib_m_floor=yes
ac_cv_objc_compiler_gnu=no
ac_cv_objext=o
ac_cv_path_EGREP='/bin/grep -E'
ac_cv_path_FGREP='/bin/grep -F'
ac_cv_path_GMSGFMT=/usr/bin/msgfmt
ac_cv_path_GREP=/bin/grep
ac_cv_path_GTKDOC_CHECK=/usr/bin/gtkdoc-check
ac_cv_path_GTKDOC_MKPDF=/usr/bin/gtkdoc-mkpdf
ac_cv_path_GTKDOC_REBASE=/usr/bin/gtkdoc-rebase
ac_cv_path_INTLTOOL_EXTRACT=/usr/bin/intltool-extract
ac_cv_path_INTLTOOL_MERGE=/usr/bin/intltool-merge
ac_cv_path_INTLTOOL_PERL=/usr/bin/perl
ac_cv_path_INTLTOOL_UPDATE=/usr/bin/intltool-update
ac_cv_path_MSGFMT=/usr/bin/msgfmt
ac_cv_path_MSGMERGE=/usr/bin/msgmerge
ac_cv_path_PYTHON=/usr/bin/python
ac_cv_path_SED=/bin/sed
ac_cv_path_XGETTEXT=/usr/bin/xgettext
ac_cv_path_ac_prefix_program=/usr/bin/gedit
ac_cv_path_ac_pt_PKG_CONFIG=/usr/bin/pkg-config
ac_cv_path_install='/usr/bin/install -c'
ac_cv_path_mkdir=/bin/mkdir
ac_cv_prog_AWK=gawk
ac_cv_prog_CPP='gcc -E'
ac_cv_prog_ac_ct_AR=ar
ac_cv_prog_ac_ct_CC=gcc
ac_cv_prog_ac_ct_OBJC=gcc
ac_cv_prog_ac_ct_OBJDUMP=objdump
ac_cv_prog_ac_ct_RANLIB=ranlib
ac_cv_prog_ac_ct_STRIP=strip
ac_cv_prog_cc_c89=
ac_cv_prog_cc_g=yes
ac_cv_prog_make_make_set=yes
ac_cv_prog_objc_g=no
ac_cv_sys_file_offset_bits=64
ac_cv_sys_largefile_CC=no
acl_cv_hardcode_direct=no
acl_cv_hardcode_libdir_flag_spec='${wl}-rpath ${wl}$libdir'
acl_cv_hardcode_libdir_separator=
acl_cv_hardcode_minus_L=no
acl_cv_libext=a
acl_cv_libname_spec='lib$name'
acl_cv_library_names_spec='$libname$shrext'
acl_cv_path_LD=/usr/bin/ld
acl_cv_prog_gnu_ld=yes
acl_cv_rpath=done
acl_cv_shlibext=so
acl_cv_wl=-Wl,
am_cv_CC_dependencies_compiler_type=none
am_cv_OBJC_dependencies_compiler_type=none
am_cv_python_platform=linux2
am_cv_python_pyexecdir='${exec_prefix}/lib/python2.7/dist-packages'
am_cv_python_pythondir='${prefix}/lib/python2.7/dist-packages'
am_cv_python_version=2.7
gt_cv_func_CFLocaleCopyCurrent=no
gt_cv_func_CFPreferencesCopyAppValue=no
gt_cv_func_gnugettext1_libc=yes
lt_cv_deplibs_check_method=pass_all
lt_cv_file_magic_cmd='$MAGIC_CMD'
lt_cv_file_magic_test_file=
lt_cv_ld_reload_flag=-r
lt_cv_nm_interface='BSD nm'
lt_cv_objdir=.libs
lt_cv_path_LD=/usr/bin/ld
lt_cv_path_NM='/usr/bin/nm -B'
lt_cv_prog_compiler_c_o=yes
lt_cv_prog_compiler_pic_works=yes
lt_cv_prog_compiler_rtti_exceptions=no
lt_cv_prog_compiler_static_works=yes
lt_cv_prog_gnu_ld=yes
lt_cv_sys_global_symbol_pipe='sed -n -e '\''s/^.*[	 ]\([ABCDGIRSTW][ABCDGIRSTW]*\)[	 ][	 ]*\([_A-Za-z][_A-Za-z0-9]*\)$/\1 \2 \2/p'\'''
lt_cv_sys_global_symbol_to_c_name_address='sed -n -e '\''s/^: \([^ ]*\) $/  {\"\1\", (void *) 0},/p'\'' -e '\''s/^[ABCDGIRSTW]* \([^ ]*\) \([^ ]*\)$/  {"\2", (void *) \&\2},/p'\'''
lt_cv_sys_global_symbol_to_c_name_address_lib_prefix='sed -n -e '\''s/^: \([^ ]*\) $/  {\"\1\", (void *) 0},/p'\'' -e '\''s/^[ABCDGIRSTW]* \([^ ]*\) \(lib[^ ]*\)$/  {"\2", (void *) \&\2},/p'\'' -e '\''s/^[ABCDGIRSTW]* \([^ ]*\) \([^ ]*\)$/  {"lib\2", (void *) \&\2},/p'\'''
lt_cv_sys_global_symbol_to_cdecl='sed -n -e '\''s/^T .* \(.*\)$/extern int \1();/p'\'' -e '\''s/^[ABCDGIRSTW]* .* \(.*\)$/extern char \1;/p'\'''
lt_cv_sys_max_cmd_len=1572864
pkg_cv_GEDIT_CFLAGS='-pthread -DGSEAL_ENABLE -I/usr/include/glib-2.0 -I/usr/lib/i386-linux-gnu/glib-2.0/include -I/usr/include/atk-1.0 -I/usr/include/pango-1.0 -I/usr/include/gio-unix-2.0/ -I/usr/include/freetype2 -I/usr/include/libpng12 -I/usr/include/gtk-3.0 -I/usr/include/cairo -I/usr/include/gdk-pixbuf-2.0 -I/usr/include/pixman-1 -I/usr/include/gtksourceview-3.0 -I/usr/include/libxml2 -I/usr/include/libpeas-1.0 -I/usr/include/gobject-introspection-1.0 -I/usr/include/gedit-3.0  '
pkg_cv_GEDIT_LIBS='-pthread -Wl,--export-dynamic -L/usr/lib/i386-linux-gnu -lgtksourceview-3.0 -lpeas-gtk-1.0 -lgtk-3 -lpeas-1.0 -lgdk-3 -latk-1.0 -lcairo-gobject -lgio-2.0 -lpangoft2-1.0 -lpangocairo-1.0 -lgdk_pixbuf-2.0 -lm -lcairo -lpango-1.0 -lfreetype -lfontconfig -lgirepository-1.0 -lgobject-2.0 -lgmodule-2.0 -lffi -lgthread-2.0 -lrt -lglib-2.0  '

## ----------------- ##
## Output variables. ##
## ----------------- ##










		$(INSTALL_DATA) $^ "$(DESTDIR)$(gsettingsschemadir)"; \
		test -n "$(GSETTINGS_DISABLE_SCHEMAS_COMPILE)$(DESTDIR)" || $(GLIB_COMPILE_SCHEMAS) $(gsettingsschemadir); \
		test -z "$(gsettingsschemadir)" || $(MKDIR_P) "$(DESTDIR)$(gsettingsschemadir)"; \
	$(AM_V_GEN) glib-mkenums --comments '\''<!-- @comment@ -->'\'' --fhead "<schemalist>" --vhead "  <@type@ id='\''$(gsettings_ENUM_NAMESPACE).@EnumName@'\''>" --vprod "    <value nick='\''@valuenick@'\'' value='\''@valuenum@'\''/>" --vtail "  </@type@>" --ftail "</schemalist>" $^ > $@.tmp && mv $@.tmp $@
	$(AM_V_GEN) if test -f "$<"; then d=; else d="$(srcdir)/"; fi; $(GLIB_COMPILE_SCHEMAS) --strict --dry-run $(addprefix --schema-file=,$(gsettings__enum_file)) --schema-file=$${d}$< && touch $@
	@$(NORMAL_INSTALL)
	@$(NORMAL_UNINSTALL)
	@list='\''$(gsettings_SCHEMAS) $(gsettings__enum_file)'\''; test -n "$(gsettingsschemadir)" || list=; \
	cd "$(DESTDIR)$(gsettingsschemadir)" && rm -f $$files
	echo " ( cd '\''$(DESTDIR)$(gsettingsschemadir)'\'' && rm -f" $$files ")"; \
	fi
	files=`for p in $$list; do echo $$p; done | sed -e '\''s|^.*/||'\''`; \
	if test -n "$^"; then \
	rm -f $(gsettings_SCHEMAS:.xml=.valid) $(gsettings__enum_file)
	test -n "$$files" || exit 0; \
	test -n "$(GSETTINGS_DISABLE_SCHEMAS_COMPILE)$(DESTDIR)" || $(GLIB_COMPILE_SCHEMAS) $(gsettingsschemadir)
$(gsettings__enum_file): $(gsettings_ENUM_FILES)
%.gschema.valid: %.gschema.xml $(gsettings__enum_file)
.PHONY : uninstall-gsettings-schemas install-gsettings-schemas clean-gsettings-schemas
.SECONDARY: $(gsettings_SCHEMAS)
ACLOCAL='${SHELL} /home/kersten/Entwicklung/gedit-confluence/build-aux/missing --run aclocal-1.11'
ACLOCAL_AMFLAGS=' -I m4'
ALL_LINGUAS=''
AMDEPBACKSLASH='\'
AMDEP_FALSE='#'
AMDEP_TRUE=''
AMTAR='${SHELL} /home/kersten/Entwicklung/gedit-confluence/build-aux/missing --run tar'
AM_BACKSLASH='\'
AM_DEFAULT_VERBOSITY='0'
AR='ar'
AUTOCONF='${SHELL} /home/kersten/Entwicklung/gedit-confluence/build-aux/missing --run autoconf'
AUTOHEADER='${SHELL} /home/kersten/Entwicklung/gedit-confluence/build-aux/missing --run autoheader'
AUTOMAKE='${SHELL} /home/kersten/Entwicklung/gedit-confluence/build-aux/missing --run automake-1.11'
AWK='gawk'
CC='gcc'
CCDEPMODE='depmode=none'
CFLAGS='-g -O2'
CPP='gcc -E'
CPPFLAGS=''
CYGPATH_W='echo'
DATADIRNAME='share'
DEFS='-DHAVE_CONFIG_H'
DEPDIR='.deps'
DSYMUTIL=''
DUMPBIN=''
ECHO_C=''
ECHO_N='-n'
ECHO_T=''
EGREP='/bin/grep -E'
ENABLE_GTK_DOC_FALSE=''
ENABLE_GTK_DOC_TRUE='#'
EXEEXT=''
FGREP='/bin/grep -F'
GEDIT_CFLAGS='-pthread -DGSEAL_ENABLE -I/usr/include/glib-2.0 -I/usr/lib/i386-linux-gnu/glib-2.0/include -I/usr/include/atk-1.0 -I/usr/include/pango-1.0 -I/usr/include/gio-unix-2.0/ -I/usr/include/freetype2 -I/usr/include/libpng12 -I/usr/include/gtk-3.0 -I/usr/include/cairo -I/usr/include/gdk-pixbuf-2.0 -I/usr/include/pixman-1 -I/usr/include/gtksourceview-3.0 -I/usr/include/libxml2 -I/usr/include/libpeas-1.0 -I/usr/include/gobject-introspection-1.0 -I/usr/include/gedit-3.0  '
GEDIT_LIBS='-pthread -Wl,--export-dynamic -L/usr/lib/i386-linux-gnu -lgtksourceview-3.0 -lpeas-gtk-1.0 -lgtk-3 -lpeas-1.0 -lgdk-3 -latk-1.0 -lcairo-gobject -lgio-2.0 -lpangoft2-1.0 -lpangocairo-1.0 -lgdk_pixbuf-2.0 -lm -lcairo -lpango-1.0 -lfreetype -lfontconfig -lgirepository-1.0 -lgobject-2.0 -lgmodule-2.0 -lffi -lgthread-2.0 -lrt -lglib-2.0  '
GEDIT_PLUGINS_DATA_DIR='${datarootdir}/gedit/plugins'
GEDIT_PLUGINS_LIBS_DIR='${exec_prefix}/lib/gedit/plugins'
GETTEXT_MACRO_VERSION='0.17'
GETTEXT_PACKAGE='gedit-plugins'
GLIB_COMPILE_SCHEMAS='/usr/bin/glib-compile-schemas'
GMSGFMT='/usr/bin/msgfmt'
GMSGFMT_015='/usr/bin/msgfmt'
GREP='/bin/grep'
GSETTINGS_DISABLE_SCHEMAS_COMPILE=''
GSETTINGS_RULES='
GTKDOC_CHECK='/usr/bin/gtkdoc-check'
GTKDOC_MKPDF='/usr/bin/gtkdoc-mkpdf'
GTKDOC_REBASE='/usr/bin/gtkdoc-rebase'
GTK_DOC_BUILD_HTML_FALSE='#'
GTK_DOC_BUILD_HTML_TRUE=''
GTK_DOC_BUILD_PDF_FALSE=''
GTK_DOC_BUILD_PDF_TRUE='#'
GTK_DOC_USE_LIBTOOL_FALSE='#'
GTK_DOC_USE_LIBTOOL_TRUE=''
GTK_DOC_USE_REBASE_FALSE='#'
GTK_DOC_USE_REBASE_TRUE=''
HTML_DIR='${datadir}/gtk-doc/html'
INSTALL_DATA='${INSTALL} -m 644'
INSTALL_PROGRAM='${INSTALL}'
INSTALL_SCRIPT='${INSTALL}'
INSTALL_STRIP_PROGRAM='$(install_sh) -c -s'
INTLLIBS=''
INTLTOOL_CAVES_RULE='%.caves:     %.caves.in     $(INTLTOOL_MERGE) $(wildcard $(top_srcdir)/po/*.po) ; LC_ALL=C $(INTLTOOL_MERGE) -d -u -c $(top_builddir)/po/.intltool-merge-cache $(top_srcdir)/po $< $@'
INTLTOOL_DESKTOP_RULE='%.desktop:   %.desktop.in   $(INTLTOOL_MERGE) $(wildcard $(top_srcdir)/po/*.po) ; LC_ALL=C $(INTLTOOL_MERGE) -d -u -c $(top_builddir)/po/.intltool-merge-cache $(top_srcdir)/po $< $@'
INTLTOOL_DIRECTORY_RULE='%.directory: %.directory.in $(INTLTOOL_MERGE) $(wildcard $(top_srcdir)/po/*.po) ; LC_ALL=C $(INTLTOOL_MERGE) -d -u -c $(top_builddir)/po/.intltool-merge-cache $(top_srcdir)/po $< $@'
INTLTOOL_EXTRACT='/usr/bin/intltool-extract'
INTLTOOL_KBD_RULE='%.kbd:       %.kbd.in       $(INTLTOOL_MERGE) $(wildcard $(top_srcdir)/po/*.po) ; LC_ALL=C $(INTLTOOL_MERGE) -x -u -m -c $(top_builddir)/po/.intltool-merge-cache $(top_srcdir)/po $< $@'
INTLTOOL_KEYS_RULE='%.keys:      %.keys.in      $(INTLTOOL_MERGE) $(wildcard $(top_srcdir)/po/*.po) ; LC_ALL=C $(INTLTOOL_MERGE) -k -u -c $(top_builddir)/po/.intltool-merge-cache $(top_srcdir)/po $< $@'
INTLTOOL_MERGE='/usr/bin/intltool-merge'
INTLTOOL_OAF_RULE='%.oaf:       %.oaf.in       $(INTLTOOL_MERGE) $(wildcard $(top_srcdir)/po/*.po) ; LC_ALL=C $(INTLTOOL_MERGE) -o -p $(top_srcdir)/po $< $@'
INTLTOOL_PERL='/usr/bin/perl'
INTLTOOL_POLICY_RULE='%.policy:    %.policy.in    $(INTLTOOL_MERGE) $(wildcard $(top_srcdir)/po/*.po) ; LC_ALL=C $(INTLTOOL_MERGE) -x -u -c $(top_builddir)/po/.intltool-merge-cache $(top_srcdir)/po $< $@'
INTLTOOL_PONG_RULE='%.pong:      %.pong.in      $(INTLTOOL_MERGE) $(wildcard $(top_srcdir)/po/*.po) ; LC_ALL=C $(INTLTOOL_MERGE) -x -u -c $(top_builddir)/po/.intltool-merge-cache $(top_srcdir)/po $< $@'
INTLTOOL_PROP_RULE='%.prop:      %.prop.in      $(INTLTOOL_MERGE) $(wildcard $(top_srcdir)/po/*.po) ; LC_ALL=C $(INTLTOOL_MERGE) -d -u -c $(top_builddir)/po/.intltool-merge-cache $(top_srcdir)/po $< $@'
INTLTOOL_SCHEMAS_RULE='%.schemas:   %.schemas.in   $(INTLTOOL_MERGE) $(wildcard $(top_srcdir)/po/*.po) ; LC_ALL=C $(INTLTOOL_MERGE) -s -u -c $(top_builddir)/po/.intltool-merge-cache $(top_srcdir)/po $< $@'
INTLTOOL_SERVER_RULE='%.server:    %.server.in    $(INTLTOOL_MERGE) $(wildcard $(top_srcdir)/po/*.po) ; LC_ALL=C $(INTLTOOL_MERGE) -o -u -c $(top_builddir)/po/.intltool-merge-cache $(top_srcdir)/po $< $@'
INTLTOOL_SERVICE_RULE='%.service: %.service.in   $(INTLTOOL_MERGE) $(wildcard $(top_srcdir)/po/*.po) ; LC_ALL=C $(INTLTOOL_MERGE) -d -u -c $(top_builddir)/po/.intltool-merge-cache $(top_srcdir)/po $< $@'
INTLTOOL_SHEET_RULE='%.sheet:     %.sheet.in     $(INTLTOOL_MERGE) $(wildcard $(top_srcdir)/po/*.po) ; LC_ALL=C $(INTLTOOL_MERGE) -x -u -c $(top_builddir)/po/.intltool-merge-cache $(top_srcdir)/po $< $@'
INTLTOOL_SOUNDLIST_RULE='%.soundlist: %.soundlist.in $(INTLTOOL_MERGE) $(wildcard $(top_srcdir)/po/*.po) ; LC_ALL=C $(INTLTOOL_MERGE) -d -u -c $(top_builddir)/po/.intltool-merge-cache $(top_srcdir)/po $< $@'
INTLTOOL_THEME_RULE='%.theme:     %.theme.in     $(INTLTOOL_MERGE) $(wildcard $(top_srcdir)/po/*.po) ; LC_ALL=C $(INTLTOOL_MERGE) -d -u -c $(top_builddir)/po/.intltool-merge-cache $(top_srcdir)/po $< $@'
INTLTOOL_UI_RULE='%.ui:        %.ui.in        $(INTLTOOL_MERGE) $(wildcard $(top_srcdir)/po/*.po) ; LC_ALL=C $(INTLTOOL_MERGE) -x -u -c $(top_builddir)/po/.intltool-merge-cache $(top_srcdir)/po $< $@'
INTLTOOL_UPDATE='/usr/bin/intltool-update'
INTLTOOL_XAM_RULE='%.xam:       %.xml.in       $(INTLTOOL_MERGE) $(wildcard $(top_srcdir)/po/*.po) ; LC_ALL=C $(INTLTOOL_MERGE) -x -u -c $(top_builddir)/po/.intltool-merge-cache $(top_srcdir)/po $< $@'
INTLTOOL_XML_NOMERGE_RULE='%.xml:       %.xml.in       $(INTLTOOL_MERGE) ; LC_ALL=C $(INTLTOOL_MERGE) -x -u /tmp $< $@'
INTLTOOL_XML_RULE='%.xml:       %.xml.in       $(INTLTOOL_MERGE) $(wildcard $(top_srcdir)/po/*.po) ; LC_ALL=C $(INTLTOOL_MERGE) -x -u -c $(top_builddir)/po/.intltool-merge-cache $(top_srcdir)/po $< $@'
INTL_MACOSX_LIBS=''
LD='/usr/bin/ld'
LDFLAGS=''
LIBICONV='-liconv'
LIBINTL=''
LIBOBJS=''
LIBS='-lm '
LIBTOOL='$(SHELL) $(top_builddir)/libtool'
LIPO=''
LN_S='ln -s'
LTLIBICONV='-liconv'
LTLIBINTL=''
LTLIBOBJS=''
MAINT=''
MAINTAINER_MODE_FALSE='#'
MAINTAINER_MODE_TRUE=''
MAKEINFO='${SHELL} /home/kersten/Entwicklung/gedit-confluence/build-aux/missing --run makeinfo'
MKDIR_P='/bin/mkdir -p'
MSGFMT='/usr/bin/msgfmt'
MSGFMT_015='/usr/bin/msgfmt'
MSGMERGE='/usr/bin/msgmerge'
NM='/usr/bin/nm -B'
NMEDIT=''
OBJC='gcc'
OBJCDEPMODE='depmode=none'
OBJCFLAGS=''
OBJDUMP='objdump'
OBJEXT='o'
OTOOL64=''
OTOOL=''
PACKAGE='gedit-confluence'
PACKAGE_BUGREPORT='kerstenk@gmail.com'
PACKAGE_NAME='gedit-confluence'
PACKAGE_STRING='gedit-confluence 0.1.1'
PACKAGE_TARNAME='gedit-confluence'
PACKAGE_URL=''
PACKAGE_VERSION='0.1.1'
PATH_SEPARATOR=':'
PKG_CONFIG='/usr/bin/pkg-config'
PKG_CONFIG_LIBDIR=''
PKG_CONFIG_PATH=''
PLATFORM_WIN32_FALSE=''
PLATFORM_WIN32_TRUE='#'
PLUGIN_LIBTOOL_FLAGS=''
POSUB='po'
PYTHON='/usr/bin/python'
PYTHON_EXEC_PREFIX='${exec_prefix}'
PYTHON_PLATFORM='linux2'
PYTHON_PREFIX='${prefix}'
PYTHON_VERSION='2.7'
RANLIB='ranlib'
SED='/bin/sed'
SET_MAKE=''
SHELL='/bin/bash'
STRIP='strip'
USE_NLS='yes'
VERSION='0.1.1'
XGETTEXT='/usr/bin/xgettext'
XGETTEXT_015='/usr/bin/xgettext'
XGETTEXT_EXTRA_OPTIONS=''
ac_ct_CC='gcc'
ac_ct_DUMPBIN=''
ac_ct_OBJC='gcc'
ac_prefix_program='/usr/bin/gedit'
all-am: $(gsettings_SCHEMAS:.xml=.valid)
am__EXEEXT_FALSE=''
am__EXEEXT_TRUE='#'
am__fastdepCC_FALSE=''
am__fastdepCC_TRUE='#'
am__fastdepOBJC_FALSE=''
am__fastdepOBJC_TRUE='#'
am__include='include'
am__isrc=''
am__leading_dot='.'
am__quote=''
am__tar='${AMTAR} chof - "$$tardir"'
am__untar='${AMTAR} xf -'
bindir='${exec_prefix}/bin'
build='i686-pc-linux-gnu'
build_alias=''
build_cpu='i686'
build_os='linux-gnu'
build_vendor='pc'
clean-gsettings-schemas:
datadir='${datarootdir}'
datarootdir='${prefix}/share'
docdir='${datarootdir}/doc/${PACKAGE_TARNAME}'
dvidir='${docdir}'
endif'
exec_prefix='${prefix}'
gsettings__enum_file = $(addsuffix .enums.xml,$(gsettings_ENUM_NAMESPACE))
gsettingsschemadir='${datarootdir}/glib-2.0/schemas'
host='i686-pc-linux-gnu'
host_alias=''
host_cpu='i686'
host_os='linux-gnu'
host_vendor='pc'
htmldir='${docdir}'
ifdef gsettings_ENUM_NAMESPACE
includedir='${prefix}/include'
infodir='${datarootdir}/info'
install-data-am: install-gsettings-schemas
install-gsettings-schemas: $(gsettings_SCHEMAS) $(gsettings__enum_file)
install_sh='${SHELL} /home/kersten/Entwicklung/gedit-confluence/build-aux/install-sh'
libdir='${exec_prefix}/lib'
libexecdir='${exec_prefix}/libexec'
localedir='${datarootdir}/locale'
localstatedir='${prefix}/var'
lt_ECHO='echo'
mandir='${datarootdir}/man'
mkdir_p='/bin/mkdir -p'
mostlyclean-am: clean-gsettings-schemas
oldincludedir='/usr/include'
pdfdir='${docdir}'
pkgpyexecdir='${pyexecdir}/gedit-confluence'
pkgpythondir='${pythondir}/gedit-confluence'
prefix='/usr'
program_transform_name='s,x,x,'
psdir='${docdir}'
pyexecdir='${exec_prefix}/lib/python2.7/dist-packages'
pythondir='${prefix}/lib/python2.7/dist-packages'
sbindir='${exec_prefix}/sbin'
sharedstatedir='${prefix}/com'
sysconfdir='${prefix}/etc'
target_alias=''
uninstall-am: uninstall-gsettings-schemas
uninstall-gsettings-schemas:

## ----------- ##
## confdefs.h. ##
## ----------- ##

/* confdefs.h */
#define PACKAGE_NAME "gedit-confluence"
#define PACKAGE_TARNAME "gedit-confluence"
#define PACKAGE_VERSION "0.1.1"
#define PACKAGE_STRING "gedit-confluence 0.1.1"
#define PACKAGE_BUGREPORT "kerstenk@gmail.com"
#define PACKAGE_URL ""
#define PACKAGE "gedit-confluence"
#define VERSION "0.1.1"
#define _FILE_OFFSET_BITS 64
#define STDC_HEADERS 1
#define HAVE_SYS_TYPES_H 1
#define HAVE_SYS_STAT_H 1
#define HAVE_STDLIB_H 1
#define HAVE_STRING_H 1
#define HAVE_MEMORY_H 1
#define HAVE_STRINGS_H 1
#define HAVE_INTTYPES_H 1
#define HAVE_STDINT_H 1
#define HAVE_UNISTD_H 1
#define HAVE_DLFCN_H 1
#define LT_OBJDIR ".libs/"
#define HAVE_LIBM 1
#define ENABLE_NLS 1
#define HAVE_GETTEXT 1
#define HAVE_DCGETTEXT 1
#define GETTEXT_PACKAGE "gedit-plugins"

configure: exit 0

## ---------------------- ##
## Running config.status. ##
## ---------------------- ##

This file was extended by gedit-confluence config.status 0.1.1, which was
generated by GNU Autoconf 2.67.  Invocation command line was

  CONFIG_FILES    = 
  CONFIG_HEADERS  = 
  CONFIG_LINKS    = 
  CONFIG_COMMANDS = 
  $ ./config.status src/org.gnome.gedit.plugins.confluence.gschema.xml.in

on NRG-NB-016

config.status:1244: creating src/org.gnome.gedit.plugins.confluence.gschema.xml.in
